<?xml version="1.0" encoding="UTF-8"?>
<testng-results skipped="0" failed="1" ignored="0" total="2" passed="1">
  <reporter-output>
  </reporter-output>
  <suite name="Suite" duration-ms="15968" started-at="2021-01-28T02:54:01Z" finished-at="2021-01-28T02:54:17Z">
    <groups>
    </groups>
    <test name="Test" duration-ms="15968" started-at="2021-01-28T02:54:01Z" finished-at="2021-01-28T02:54:17Z">
      <class name="com.tekarch.ExtentReportsDemo.SalesforceLogin">
        <test-method status="PASS" signature="initialize()[pri:0, instance:com.tekarch.ExtentReportsDemo.SalesforceLogin@6fd02e5]" name="initialize" is-config="true" duration-ms="4766" started-at="2021-01-28T02:54:01Z" finished-at="2021-01-28T02:54:06Z">
          <reporter-output>
          </reporter-output>
        </test-method> <!-- initialize -->
        <test-method status="PASS" signature="Login_01(java.lang.reflect.Method)[pri:0, instance:com.tekarch.ExtentReportsDemo.SalesforceLogin@6fd02e5]" name="Login_01" duration-ms="4213" started-at="2021-01-28T02:54:06Z" finished-at="2021-01-28T02:54:10Z">
          <params>
            <param index="0">
              <value>
                <![CDATA[public void com.tekarch.ExtentReportsDemo.SalesforceLogin.Login_01(java.lang.reflect.Method) throws java.io.IOException,java.lang.InterruptedException]]>
              </value>
            </param>
          </params>
          <reporter-output>
          </reporter-output>
        </test-method> <!-- Login_01 -->
        <test-method status="FAIL" signature="Login_02()[pri:0, instance:com.tekarch.ExtentReportsDemo.SalesforceLogin@6fd02e5]" name="Login_02" duration-ms="6559" started-at="2021-01-28T02:54:10Z" finished-at="2021-01-28T02:54:17Z">
          <exception class="java.lang.AssertionError">
            <message>
              <![CDATA[Login_TC02 FAILED]]>
            </message>
            <full-stacktrace>
              <![CDATA[java.lang.AssertionError: Login_TC02 FAILED
at org.testng.Assert.fail(Assert.java:96)
at com.tekarch.ExtentReportsDemo.SalesforceLogin.Login_02(SalesforceLogin.java:117)
at sun.reflect.NativeMethodAccessorImpl.invoke0(Native Method)
at sun.reflect.NativeMethodAccessorImpl.invoke(NativeMethodAccessorImpl.java:62)
at sun.reflect.DelegatingMethodAccessorImpl.invoke(DelegatingMethodAccessorImpl.java:43)
at java.lang.reflect.Method.invoke(Method.java:498)
at org.testng.internal.MethodInvocationHelper.invokeMethod(MethodInvocationHelper.java:124)
at org.testng.internal.Invoker.invokeMethod(Invoker.java:583)
at org.testng.internal.Invoker.invokeTestMethod(Invoker.java:719)
at org.testng.internal.Invoker.invokeTestMethods(Invoker.java:989)
at org.testng.internal.TestMethodWorker.invokeTestMethods(TestMethodWorker.java:125)
at org.testng.internal.TestMethodWorker.run(TestMethodWorker.java:109)
at org.testng.TestRunner.privateRun(TestRunner.java:648)
at org.testng.TestRunner.run(TestRunner.java:505)
at org.testng.SuiteRunner.runTest(SuiteRunner.java:455)
at org.testng.SuiteRunner.runSequentially(SuiteRunner.java:450)
at org.testng.SuiteRunner.privateRun(SuiteRunner.java:415)
at org.testng.SuiteRunner.run(SuiteRunner.java:364)
at org.testng.SuiteRunnerWorker.runSuite(SuiteRunnerWorker.java:52)
at org.testng.SuiteRunnerWorker.run(SuiteRunnerWorker.java:84)
at org.testng.TestNG.runSuitesSequentially(TestNG.java:1208)
at org.testng.TestNG.runSuitesLocally(TestNG.java:1137)
at org.testng.TestNG.runSuites(TestNG.java:1049)
at org.testng.TestNG.run(TestNG.java:1017)
at org.testng.remote.AbstractRemoteTestNG.run(AbstractRemoteTestNG.java:114)
at org.testng.remote.RemoteTestNG.initAndRun(RemoteTestNG.java:251)
at org.testng.remote.RemoteTestNG.main(RemoteTestNG.java:77)
]]>
            </full-stacktrace>
          </exception> <!-- java.lang.AssertionError -->
          <reporter-output>
          </reporter-output>
        </test-method> <!-- Login_02 -->
        <test-method status="PASS" signature="closereport()[pri:0, instance:com.tekarch.ExtentReportsDemo.SalesforceLogin@6fd02e5]" name="closereport" is-config="true" duration-ms="404" started-at="2021-01-28T02:54:17Z" finished-at="2021-01-28T02:54:17Z">
          <reporter-output>
          </reporter-output>
        </test-method> <!-- closereport -->
      </class> <!-- com.tekarch.ExtentReportsDemo.SalesforceLogin -->
    </test> <!-- Test -->
  </suite> <!-- Suite -->
</testng-results>
